Base path: C:/Program Files (x86)/Unity/Editor/Data
Pipe name: \\.\pipe\UnityShaderCompiler-3-5436
Cmd: getPlatforms
Cmd: compileSnippet
  api=8 type=0 insize=1008 outsize=1438 kw= ok=1
Cmd: compileSnippet
  api=1 type=1 insize=1007 outsize=134 kw= ok=1
Cmd: compileSnippet
  api=1 type=0 insize=1171 outsize=351 kw= ok=1
Cmd: compileSnippet
  api=8 type=1 insize=1171 outsize=1983 kw= ok=1
Cmd: compileSnippet
  api=1 type=1 insize=3253 outsize=208 kw= ok=1
Cmd: compileSnippet
  api=8 type=0 insize=3251 outsize=2023 kw= ok=1
Cmd: compileSnippet
  api=8 type=1 insize=3251 outsize=1325 kw= ok=1
Cmd: compileSnippet
  api=8 type=0 insize=3267 outsize=2462 kw= ok=1
Cmd: compileSnippet
  api=1 type=0 insize=3259 outsize=335 kw= ok=1
Cmd: compileSnippet
  api=1 type=1 insize=3259 outsize=208 kw= ok=1
Cmd: compileSnippet
  api=1 type=1 insize=3256 outsize=120 kw= ok=1
Cmd: compileSnippet
  api=8 type=0 insize=3268 outsize=2462 kw= ok=1
Cmd: compileSnippet
  api=8 type=1 insize=3268 outsize=1942 kw= ok=1
Cmd: compileSnippet
  api=1 type=1 insize=3254 outsize=66 kw= ok=1
Cmd: compileSnippet
  api=1 type=1 insize=3258 outsize=79 kw= ok=1
Cmd: compileSnippet
  api=1 type=0 insize=3253 outsize=335 kw= ok=1
Cmd: compileSnippet
  api=8 type=1 insize=3253 outsize=886 kw= ok=1
Cmd: compileSnippet
  api=1 type=1 insize=4698 outsize=194 kw= ok=1
Cmd: compileSnippet
  api=1 type=0 insize=4703 outsize=364 kw= ok=1
Cmd: compileSnippet
  api=1 type=1 insize=4703 outsize=329 kw= ok=1
Cmd: compileSnippet
  api=0 type=0 insize=4713 outsize=757 kw= ok=1
Cmd: compileSnippet
  api=8 type=1 insize=4713 outsize=3494 kw= ok=1
Cmd: compileSnippet
  api=1 type=0 insize=4708 outsize=363 kw= ok=1
Cmd: compileSnippet
  api=1 type=1 insize=4708 outsize=464 kw= ok=1
Cmd: compileSnippet
  api=8 type=1 insize=4714 outsize=3600 kw= ok=1
Unhandled exception: Readfile from pipe failed. GLE=Boru sonlandý.


Quitting shader compiler process
